{"data":{"recId":"15"},"timestamp":1746205642,"event_type":"delete"}
{"data":{"recId":17},"timestamp":1746205684,"event_type":"insert"}
{"data":{"recId":"17"},"timestamp":1746205712,"event_type":"delete"}
{"data":{"recId":18},"timestamp":1746205716,"event_type":"insert"}
{"data":{"recId":"18"},"timestamp":1746205822,"event_type":"delete"}
{"data":{"recId":20},"timestamp":1746205903,"event_type":"insert"}
{"data":{"recId":"20"},"timestamp":1746206033,"event_type":"delete"}
{"data":{"recId":21},"timestamp":1746206069,"event_type":"insert"}
{"data":{"recId":"21"},"timestamp":1746206074,"event_type":"delete"}
{"data":{"recId":22},"timestamp":1746206235,"event_type":"insert"}
{"data":{"recId":"22"},"timestamp":1746206271,"event_type":"delete"}
{"data":{"recId":23},"timestamp":1746206292,"event_type":"insert"}
{"data":{"recId":"23"},"timestamp":1746206296,"event_type":"delete"}
{"data":{"recId":24},"timestamp":1746206697,"event_type":"insert"}
{"data":{"recId":"24"},"timestamp":1746207031,"event_type":"delete"}
{"data":{"recId":26},"timestamp":1746207034,"event_type":"insert"}
{"data":{"recId":29},"timestamp":1746207202,"event_type":"insert"}
{"data":{"recId":"29"},"timestamp":1746207267,"event_type":"delete"}
Array
{"payload":"{\"data\":{\"recId\":\"31\"},\"timestamp\":1746207328,\"event_type\":\"delete\"}","result":""}
{"payload":"{\"data\":{\"recId\":33},\"timestamp\":1746207354,\"event_type\":\"insert\"}","result":""}
{"payload":"{\"data\":{\"recId\":\"33\"},\"timestamp\":1746207365,\"event_type\":\"delete\"}","result":""}
{"payload":"{\"data\":{\"recId\":34},\"timestamp\":1746207407,\"event_type\":\"insert\"}","result":"received"}
{"payload":"{\"data\":{\"recId\":\"34\"},\"timestamp\":1746207416,\"event_type\":\"delete\"}","result":"received"}
{"payload":"{\"data\":{\"recId\":35},\"timestamp\":1746207649,\"event_type\":\"insert\"}","result":"{\"data\":{\"recId\":35},\"timestamp\":1746207649,\"event_type\":\"insert\"}"}
{"payload":"{\"data\":{\"recId\":\"35\"},\"timestamp\":1746207710,\"event_type\":\"delete\"}","result":"{\"data\":{\"recId\":\"35\"},\"timestamp\":1746207710,\"event_type\":\"delete\"}"}
{"payload":"{\"data\":{\"recId\":36},\"timestamp\":1746207720,\"event_type\":\"insert\"}","result":"null"}
{"payload":"{\"data\":{\"recId\":\"36\"},\"timestamp\":1746207734,\"event_type\":\"delete\"}","result":"{\"data\":{\"recId\":\"36\"},\"timestamp\":1746207734,\"event_type\":\"delete\"}"}
{"payload":"{\"data\":{\"recId\":37},\"timestamp\":1746207743,\"event_type\":\"insert\"}","result":"null"}
